<?xml version="1.0" encoding="UTF-8"?>
<!-- Generated by org.testng.reporters.JUnitReportReporter -->
<testsuite hostname="WTIN01503525L" name="sspSRMTests.SSPSRM_ContractCreationTestIE" tests="14" failures="0" timestamp="11 Jun 2021 06:20:26 GMT" time="2800.967" errors="0">
  <testcase name="setContractStatus" time="47.594" classname="sspSRMTests.SSPSRM_ContractCreationTestIE"/>
  <testcase name="addDocuments" time="104.891" classname="sspSRMTests.SSPSRM_ContractCreationTestIE"/>
  <testcase name="signProcessBySupplier" time="201.053" classname="sspSRMTests.SSPSRM_ContractCreationTestIE"/>
  <testcase name="SupplierCircleContractAdministartion" time="114.526" classname="sspSRMTests.SSPSRM_ContractCreationTestIE"/>
  <testcase name="reviewSupplier" time="232.794" classname="sspSRMTests.SSPSRM_ContractCreationTestIE"/>
  <testcase name="loginToApplication" time="271.820" classname="sspSRMTests.SSPSRM_ContractCreationTestIE"/>
  <testcase name="reviewByCreator" time="464.190" classname="sspSRMTests.SSPSRM_ContractCreationTestIE"/>
  <testcase name="PSGRules" time="27.132" classname="sspSRMTests.SSPSRM_ContractCreationTestIE"/>
  <testcase name="reviewBuyer" time="192.102" classname="sspSRMTests.SSPSRM_ContractCreationTestIE"/>
  <testcase name="prepareElectronicSignatureAndStartSignatureProcess" time="502.683" classname="sspSRMTests.SSPSRM_ContractCreationTestIE"/>
  <testcase name="signProcessByBuyer" time="220.562" classname="sspSRMTests.SSPSRM_ContractCreationTestIE"/>
  <testcase name="approvalProcessByBuyer" time="192.507" classname="sspSRMTests.SSPSRM_ContractCreationTestIE"/>
  <testcase name="approvalProcessBySupplier" time="147.042" classname="sspSRMTests.SSPSRM_ContractCreationTestIE"/>
  <testcase name="ContractTeamContractAdministration" time="82.071" classname="sspSRMTests.SSPSRM_ContractCreationTestIE"/>
</testsuite> <!-- sspSRMTests.SSPSRM_ContractCreationTestIE -->
