<?xml version="1.0" encoding="UTF-8"?>
<!-- Generated by org.testng.reporters.JUnitReportReporter -->
<testsuite hostname="WTIN01503525L" name="sspSRMTests.TestMultipleTests3" tests="3" failures="0" timestamp="9 Jun 2021 08:07:48 GMT" time="38.084" errors="0">
  <testcase name="reviewBuyer2" time="8.659" classname="sspSRMTests.TestMultipleTests3"/>
  <testcase name="reviewBuyer" time="22.771" classname="sspSRMTests.TestMultipleTests3"/>
  <testcase name="reviewBuyer3" time="6.654" classname="sspSRMTests.TestMultipleTests3"/>
</testsuite> <!-- sspSRMTests.TestMultipleTests3 -->
