<?xml version="1.0" encoding="UTF-8"?>
<!-- Generated by org.testng.reporters.JUnitReportReporter -->
<testsuite hostname="WTIN01503525L" name="sspSRMTests.TestMultipleTests6" tests="3" failures="0" timestamp="9 Jun 2021 09:07:20 GMT" time="22.887" errors="0">
  <testcase name="reviewBuyer" time="19.861" classname="sspSRMTests.TestMultipleTests6"/>
  <testcase name="reviewBuyer3" time="0.899" classname="sspSRMTests.TestMultipleTests6"/>
  <testcase name="reviewBuyer2" time="2.127" classname="sspSRMTests.TestMultipleTests6"/>
</testsuite> <!-- sspSRMTests.TestMultipleTests6 -->
