<?xml version="1.0" encoding="UTF-8"?>
<!-- Generated by org.testng.reporters.JUnitReportReporter -->
<testsuite hostname="WTIN01503525L" name="sspSRMTests.TestMultipleTests2" tests="3" failures="0" timestamp="9 Jun 2021 09:19:27 GMT" time="19.898" errors="0">
  <testcase name="reviewBuyer2" time="1.273" classname="sspSRMTests.TestMultipleTests2"/>
  <testcase name="reviewBuyer" time="17.647" classname="sspSRMTests.TestMultipleTests2"/>
  <testcase name="reviewBuyer3" time="0.978" classname="sspSRMTests.TestMultipleTests2"/>
</testsuite> <!-- sspSRMTests.TestMultipleTests2 -->
