<?xml version="1.0" encoding="UTF-8"?>
<!-- Generated by org.testng.reporters.JUnitReportReporter -->
<testsuite hostname="WTIN01503525L" name="sspSRMTests.SSPSRM_ContractCreationTest" tests="14" failures="0" timestamp="11 Jun 2021 13:23:28 GMT" time="1926.769" errors="0">
  <testcase name="ContractTeamContractAdministration" time="63.355" classname="sspSRMTests.SSPSRM_ContractCreationTest"/>
  <testcase name="SupplierCircleContractAdministartion" time="59.185" classname="sspSRMTests.SSPSRM_ContractCreationTest"/>
  <testcase name="addDocuments" time="53.262" classname="sspSRMTests.SSPSRM_ContractCreationTest"/>
  <testcase name="approvalProcessBySupplier" time="128.068" classname="sspSRMTests.SSPSRM_ContractCreationTest"/>
  <testcase name="prepareElectronicSignatureAndStartSignatureProcess" time="374.643" classname="sspSRMTests.SSPSRM_ContractCreationTest"/>
  <testcase name="signProcessByBuyer" time="145.927" classname="sspSRMTests.SSPSRM_ContractCreationTest"/>
  <testcase name="signProcessBySupplier" time="137.597" classname="sspSRMTests.SSPSRM_ContractCreationTest"/>
  <testcase name="loginToApplication" time="221.702" classname="sspSRMTests.SSPSRM_ContractCreationTest"/>
  <testcase name="reviewBuyer" time="186.454" classname="sspSRMTests.SSPSRM_ContractCreationTest"/>
  <testcase name="reviewSupplier" time="131.184" classname="sspSRMTests.SSPSRM_ContractCreationTest"/>
  <testcase name="setContractStatus" time="36.138" classname="sspSRMTests.SSPSRM_ContractCreationTest"/>
  <testcase name="PSGRules" time="21.529" classname="sspSRMTests.SSPSRM_ContractCreationTest"/>
  <testcase name="reviewByCreator" time="275.130" classname="sspSRMTests.SSPSRM_ContractCreationTest"/>
  <testcase name="approvalProcessByBuyer" time="92.595" classname="sspSRMTests.SSPSRM_ContractCreationTest"/>
</testsuite> <!-- sspSRMTests.SSPSRM_ContractCreationTest -->
