<?xml version="1.0" encoding="UTF-8"?>
<!-- Generated by org.testng.reporters.JUnitReportReporter -->
<testsuite hostname="WTIN01503525L" name="sspSRMTests.TestMultipleTests4" tests="3" failures="0" timestamp="9 Jun 2021 08:07:48 GMT" time="37.134" errors="0">
  <testcase name="reviewBuyer" time="18.414" classname="sspSRMTests.TestMultipleTests4"/>
  <testcase name="reviewBuyer2" time="11.109" classname="sspSRMTests.TestMultipleTests4"/>
  <testcase name="reviewBuyer3" time="7.611" classname="sspSRMTests.TestMultipleTests4"/>
</testsuite> <!-- sspSRMTests.TestMultipleTests4 -->
