<?xml version="1.0" encoding="UTF-8"?>
<!-- Generated by org.testng.reporters.JUnitReportReporter -->
<testsuite hostname="WTIN01503525L" name="tests.ReltioPOCTest" tests="1" failures="0" timestamp="12 Apr 2022 08:42:39 GMT" time="3.171" errors="0">
  <testcase name="reltioPOC" time="3.171" classname="tests.ReltioPOCTest"/>
</testsuite> <!-- tests.ReltioPOCTest -->
