<?xml version="1.0" encoding="UTF-8"?>
<!-- Generated by org.testng.reporters.JUnitReportReporter -->
<testsuite hostname="WTIN01503525L" name="sspSRMTests.TestMultipleTests" tests="3" failures="0" timestamp="9 Jun 2021 09:19:27 GMT" time="20.954" errors="0">
  <testcase name="reviewBuyer2" time="1.400" classname="sspSRMTests.TestMultipleTests"/>
  <testcase name="reviewBuyer" time="18.588" classname="sspSRMTests.TestMultipleTests"/>
  <testcase name="reviewBuyer3" time="0.966" classname="sspSRMTests.TestMultipleTests"/>
</testsuite> <!-- sspSRMTests.TestMultipleTests -->
