<?xml version="1.0" encoding="UTF-8"?>
<!-- Generated by org.testng.reporters.JUnitReportReporter -->
<testsuite hostname="WTIN01503525L" name="sspSRMTests.TestMultipleTests5" tests="3" failures="0" timestamp="9 Jun 2021 09:07:20 GMT" time="22.618" errors="0">
  <testcase name="reviewBuyer" time="19.981" classname="sspSRMTests.TestMultipleTests5"/>
  <testcase name="reviewBuyer3" time="1.078" classname="sspSRMTests.TestMultipleTests5"/>
  <testcase name="reviewBuyer2" time="1.559" classname="sspSRMTests.TestMultipleTests5"/>
</testsuite> <!-- sspSRMTests.TestMultipleTests5 -->
