<?xml version="1.0" encoding="UTF-8"?>
<!-- Generated by org.testng.reporters.JUnitReportReporter -->
<testsuite skipped="0" hostname="WTIN01503525L" name="tests.ReltioPOCTest" tests="2" failures="0" timestamp="12 Apr 2022 12:15:31 GMT" time="4.383" errors="0">
  <testcase name="reltioPOC" time="2.139" classname="tests.ReltioPOCTest"/>
  <testcase name="reltioPOC1" time="2.244" classname="tests.ReltioPOCTest"/>
</testsuite> <!-- tests.ReltioPOCTest -->
