<?xml version="1.0" encoding="UTF-8"?>
<!-- Generated by org.testng.reporters.JUnitReportReporter -->
<testsuite skipped="0" hostname="WTIN01503525L" name="tests.ReltioPOCTest" tests="1" failures="0" timestamp="12 Apr 2022 09:28:38 GMT" time="10.035" errors="0">
  <testcase name="reltioPOC" time="10.035" classname="tests.ReltioPOCTest"/>
</testsuite> <!-- tests.ReltioPOCTest -->
