<?xml version="1.0" encoding="UTF-8"?>
<!-- Generated by org.testng.reporters.JUnitReportReporter -->
<testsuite skipped="0" hostname="WTIN01503525L" name="tests.ReltioPOCTest" tests="2" failures="0" timestamp="13 Apr 2022 05:47:11 GMT" time="5.223" errors="0">
  <testcase name="reltioPOC" time="2.834" classname="tests.ReltioPOCTest"/>
  <testcase name="reltioPOC1" time="2.389" classname="tests.ReltioPOCTest"/>
</testsuite> <!-- tests.ReltioPOCTest -->
